{"E:\\coding test\\keyloop coding\\src\\application\\dto\\SearchDocumentRequest.ts": {"path":"E:\\coding test\\keyloop coding\\src\\application\\dto\\SearchDocumentRequest.ts","statementMap":{"0":{"start":{"line":9,"column":13},"end":{"line":9,"column":null}},"1":{"start":{"line":22,"column":13},"end":{"line":22,"column":null}},"2":{"start":{"line":6,"column":74},"end":{"line":6,"column":null}},"3":{"start":{"line":7,"column":53},"end":{"line":7,"column":null}},"4":{"start":{"line":10,"column":2},"end":{"line":13,"column":null}},"5":{"start":{"line":15,"column":2},"end":{"line":19,"column":null}},"6":{"start":{"line":23,"column":2},"end":{"line":23,"column":null}},"7":{"start":{"line":36,"column":2},"end":{"line":37,"column":null}}},"fnMap":{},"branchMap":{},"s":{"0":0,"1":14,"2":1,"3":1,"4":14,"5":14,"6":14,"7":14},"f":{},"b":{}}
,"E:\\coding test\\keyloop coding\\src\\application\\dto\\SearchDocumentResponse.ts": {"path":"E:\\coding test\\keyloop coding\\src\\application\\dto\\SearchDocumentResponse.ts","statementMap":{"0":{"start":{"line":8,"column":13},"end":{"line":8,"column":null}},"1":{"start":{"line":53,"column":13},"end":{"line":53,"column":null}},"2":{"start":{"line":60,"column":13},"end":{"line":60,"column":null}},"3":{"start":{"line":43,"column":13},"end":{"line":43,"column":null}},"4":{"start":{"line":68,"column":13},"end":{"line":68,"column":null}},"5":{"start":{"line":27,"column":4},"end":{"line":38,"column":null}},"6":{"start":{"line":10,"column":11},"end":{"line":10,"column":21}},"7":{"start":{"line":11,"column":11},"end":{"line":11,"column":29}},"8":{"start":{"line":12,"column":11},"end":{"line":12,"column":22}},"9":{"start":{"line":13,"column":11},"end":{"line":13,"column":24}},"10":{"start":{"line":14,"column":11},"end":{"line":14,"column":23}},"11":{"start":{"line":15,"column":11},"end":{"line":15,"column":25}},"12":{"start":{"line":16,"column":11},"end":{"line":16,"column":30}},"13":{"start":{"line":17,"column":11},"end":{"line":17,"column":31}},"14":{"start":{"line":18,"column":11},"end":{"line":18,"column":29}},"15":{"start":{"line":19,"column":11},"end":{"line":19,"column":23}},"16":{"start":{"line":20,"column":11},"end":{"line":20,"column":45}},"17":{"start":{"line":45,"column":11},"end":{"line":45,"column":24}},"18":{"start":{"line":46,"column":11},"end":{"line":46,"column":27}},"19":{"start":{"line":47,"column":11},"end":{"line":47,"column":25}},"20":{"start":{"line":48,"column":11},"end":{"line":48,"column":24}},"21":{"start":{"line":49,"column":11},"end":{"line":49,"column":27}},"22":{"start":{"line":55,"column":11},"end":{"line":55,"column":36}},"23":{"start":{"line":56,"column":11},"end":{"line":56,"column":38}},"24":{"start":{"line":62,"column":11},"end":{"line":62,"column":23}},"25":{"start":{"line":63,"column":11},"end":{"line":63,"column":24}},"26":{"start":{"line":64,"column":11},"end":{"line":64,"column":24}},"27":{"start":{"line":70,"column":11},"end":{"line":70,"column":35}},"28":{"start":{"line":71,"column":11},"end":{"line":71,"column":32}},"29":{"start":{"line":72,"column":11},"end":{"line":72,"column":34}},"30":{"start":{"line":73,"column":11},"end":{"line":73,"column":29}},"31":{"start":{"line":74,"column":11},"end":{"line":74,"column":28}}},"fnMap":{"0":{"name":"(anonymous_7)","decl":{"start":{"line":26,"column":2},"end":{"line":26,"column":9}},"loc":{"start":{"line":26,"column":53},"end":{"line":40,"column":null}}},"1":{"name":"(anonymous_8)","decl":{"start":{"line":9,"column":2},"end":{"line":9,"column":null}},"loc":{"start":{"line":21,"column":4},"end":{"line":21,"column":null}}},"2":{"name":"(anonymous_9)","decl":{"start":{"line":44,"column":2},"end":{"line":44,"column":null}},"loc":{"start":{"line":50,"column":4},"end":{"line":50,"column":null}}},"3":{"name":"(anonymous_10)","decl":{"start":{"line":54,"column":2},"end":{"line":54,"column":null}},"loc":{"start":{"line":57,"column":4},"end":{"line":57,"column":null}}},"4":{"name":"(anonymous_11)","decl":{"start":{"line":61,"column":2},"end":{"line":61,"column":null}},"loc":{"start":{"line":65,"column":4},"end":{"line":65,"column":null}}},"5":{"name":"(anonymous_12)","decl":{"start":{"line":69,"column":2},"end":{"line":69,"column":null}},"loc":{"start":{"line":75,"column":4},"end":{"line":75,"column":null}}}},"branchMap":{},"s":{"0":11,"1":3,"2":10,"3":10,"4":10,"5":11,"6":11,"7":11,"8":11,"9":11,"10":11,"11":11,"12":11,"13":11,"14":11,"15":11,"16":11,"17":10,"18":10,"19":10,"20":10,"21":10,"22":3,"23":3,"24":10,"25":10,"26":10,"27":10,"28":10,"29":10,"30":10,"31":10},"f":{"0":11,"1":11,"2":10,"3":3,"4":10,"5":10},"b":{}}
,"E:\\coding test\\keyloop coding\\src\\application\\errors\\AppError.ts": {"path":"E:\\coding test\\keyloop coding\\src\\application\\errors\\AppError.ts","statementMap":{"0":{"start":{"line":61,"column":13},"end":{"line":61,"column":30}},"1":{"start":{"line":6,"column":13},"end":{"line":6,"column":30}},"2":{"start":{"line":99,"column":13},"end":{"line":99,"column":35}},"3":{"start":{"line":137,"column":13},"end":{"line":137,"column":41}},"4":{"start":{"line":118,"column":13},"end":{"line":118,"column":35}},"5":{"start":{"line":80,"column":13},"end":{"line":80,"column":34}},"6":{"start":{"line":42,"column":13},"end":{"line":42,"column":37}},"7":{"start":{"line":27,"column":4},"end":{"line":34,"column":null}},"8":{"start":{"line":15,"column":4},"end":{"line":13,"column":53}},"9":{"start":{"line":16,"column":4},"end":{"line":16,"column":null}},"10":{"start":{"line":17,"column":4},"end":{"line":17,"column":null}},"11":{"start":{"line":20,"column":4},"end":{"line":20,"column":null}},"12":{"start":{"line":47,"column":4},"end":{"line":51,"column":null}},"13":{"start":{"line":53,"column":4},"end":{"line":53,"column":null}},"14":{"start":{"line":66,"column":4},"end":{"line":70,"column":null}},"15":{"start":{"line":72,"column":4},"end":{"line":72,"column":null}},"16":{"start":{"line":85,"column":4},"end":{"line":89,"column":null}},"17":{"start":{"line":91,"column":4},"end":{"line":91,"column":null}},"18":{"start":{"line":104,"column":4},"end":{"line":108,"column":null}},"19":{"start":{"line":110,"column":4},"end":{"line":110,"column":null}},"20":{"start":{"line":123,"column":4},"end":{"line":127,"column":null}},"21":{"start":{"line":129,"column":4},"end":{"line":129,"column":null}},"22":{"start":{"line":142,"column":4},"end":{"line":146,"column":null}},"23":{"start":{"line":148,"column":4},"end":{"line":148,"column":null}}},"fnMap":{"0":{"name":"(anonymous_9)","decl":{"start":{"line":26,"column":2},"end":{"line":26,"column":11}},"loc":{"start":{"line":26,"column":11},"end":{"line":35,"column":null}}},"1":{"name":"(anonymous_10)","decl":{"start":{"line":9,"column":2},"end":{"line":9,"column":null}},"loc":{"start":{"line":14,"column":4},"end":{"line":21,"column":null}}},"2":{"name":"(anonymous_11)","decl":{"start":{"line":43,"column":2},"end":{"line":43,"column":null}},"loc":{"start":{"line":46,"column":4},"end":{"line":54,"column":null}}},"3":{"name":"(anonymous_12)","decl":{"start":{"line":62,"column":2},"end":{"line":62,"column":null}},"loc":{"start":{"line":65,"column":4},"end":{"line":73,"column":null}}},"4":{"name":"(anonymous_13)","decl":{"start":{"line":81,"column":2},"end":{"line":81,"column":null}},"loc":{"start":{"line":84,"column":4},"end":{"line":92,"column":null}}},"5":{"name":"(anonymous_14)","decl":{"start":{"line":100,"column":2},"end":{"line":100,"column":null}},"loc":{"start":{"line":103,"column":4},"end":{"line":111,"column":null}}},"6":{"name":"(anonymous_15)","decl":{"start":{"line":119,"column":2},"end":{"line":119,"column":null}},"loc":{"start":{"line":122,"column":4},"end":{"line":130,"column":null}}},"7":{"name":"(anonymous_16)","decl":{"start":{"line":138,"column":2},"end":{"line":138,"column":null}},"loc":{"start":{"line":141,"column":4},"end":{"line":149,"column":null}}}},"branchMap":{"0":{"loc":{"start":{"line":12,"column":4},"end":{"line":12,"column":44}},"type":"default-arg","locations":[{"start":{"line":12,"column":41},"end":{"line":12,"column":44}}]},"1":{"loc":{"start":{"line":82,"column":4},"end":{"line":82,"column":39}},"type":"default-arg","locations":[{"start":{"line":82,"column":22},"end":{"line":82,"column":39}}]},"2":{"loc":{"start":{"line":120,"column":4},"end":{"line":120,"column":42}},"type":"default-arg","locations":[{"start":{"line":120,"column":22},"end":{"line":120,"column":42}}]},"3":{"loc":{"start":{"line":139,"column":4},"end":{"line":139,"column":45}},"type":"default-arg","locations":[{"start":{"line":139,"column":22},"end":{"line":139,"column":45}}]}},"s":{"0":5,"1":9,"2":0,"3":0,"4":0,"5":12,"6":28,"7":0,"8":34,"9":34,"10":34,"11":34,"12":17,"13":17,"14":5,"15":5,"16":12,"17":12,"18":0,"19":0,"20":0,"21":0,"22":0,"23":0},"f":{"0":0,"1":34,"2":17,"3":5,"4":12,"5":0,"6":0,"7":0},"b":{"0":[0],"1":[0],"2":[0],"3":[0]}}
,"E:\\coding test\\keyloop coding\\src\\application\\services\\DocumentSearchService.ts": {"path":"E:\\coding test\\keyloop coding\\src\\application\\services\\DocumentSearchService.ts","statementMap":{"0":{"start":{"line":20,"column":13},"end":{"line":20,"column":null}},"1":{"start":{"line":6,"column":35},"end":{"line":6,"column":null}},"2":{"start":{"line":7,"column":29},"end":{"line":7,"column":null}},"3":{"start":{"line":9,"column":26},"end":{"line":9,"column":null}},"4":{"start":{"line":10,"column":64},"end":{"line":10,"column":null}},"5":{"start":{"line":11,"column":34},"end":{"line":11,"column":null}},"6":{"start":{"line":12,"column":40},"end":{"line":12,"column":null}},"7":{"start":{"line":13,"column":38},"end":{"line":13,"column":null}},"8":{"start":{"line":14,"column":40},"end":{"line":14,"column":null}},"9":{"start":{"line":15,"column":40},"end":{"line":15,"column":null}},"10":{"start":{"line":16,"column":23},"end":{"line":16,"column":null}},"11":{"start":{"line":17,"column":36},"end":{"line":17,"column":null}},"12":{"start":{"line":42,"column":22},"end":{"line":42,"column":null}},"13":{"start":{"line":43,"column":20},"end":{"line":43,"column":null}},"14":{"start":{"line":44,"column":26},"end":{"line":44,"column":null}},"15":{"start":{"line":46,"column":4},"end":{"line":51,"column":null}},"16":{"start":{"line":53,"column":4},"end":{"line":120,"column":null}},"17":{"start":{"line":55,"column":6},"end":{"line":55,"column":null}},"18":{"start":{"line":59,"column":8},"end":{"line":59,"column":null}},"19":{"start":{"line":62,"column":25},"end":{"line":64,"column":null}},"20":{"start":{"line":68,"column":31},"end":{"line":79,"column":null}},"21":{"start":{"line":83,"column":6},"end":{"line":90,"column":null}},"22":{"start":{"line":93,"column":6},"end":{"line":98,"column":null}},"23":{"start":{"line":100,"column":6},"end":{"line":100,"column":null}},"24":{"start":{"line":102,"column":28},"end":{"line":102,"column":null}},"25":{"start":{"line":104,"column":6},"end":{"line":109,"column":null}},"26":{"start":{"line":112,"column":6},"end":{"line":114,"column":null}},"27":{"start":{"line":113,"column":8},"end":{"line":113,"column":null}},"28":{"start":{"line":116,"column":6},"end":{"line":119,"column":null}},"29":{"start":{"line":140,"column":25},"end":{"line":140,"column":null}},"30":{"start":{"line":143,"column":4},"end":{"line":144,"column":null}},"31":{"start":{"line":144,"column":6},"end":{"line":144,"column":null}},"32":{"start":{"line":148,"column":31},"end":{"line":151,"column":null}},"33":{"start":{"line":155,"column":31},"end":{"line":161,"column":null}},"34":{"start":{"line":165,"column":4},"end":{"line":170,"column":null}},"35":{"start":{"line":166,"column":6},"end":{"line":169,"column":null}},"36":{"start":{"line":173,"column":17},"end":{"line":173,"column":86}},"37":{"start":{"line":174,"column":20},"end":{"line":174,"column":56}},"38":{"start":{"line":175,"column":20},"end":{"line":175,"column":null}},"39":{"start":{"line":177,"column":25},"end":{"line":181,"column":null}},"40":{"start":{"line":183,"column":26},"end":{"line":183,"column":null}},"41":{"start":{"line":185,"column":4},"end":{"line":190,"column":null}},"42":{"start":{"line":206,"column":4},"end":{"line":231,"column":null}},"43":{"start":{"line":207,"column":24},"end":{"line":221,"column":null}},"44":{"start":{"line":224,"column":6},"end":{"line":224,"column":null}},"45":{"start":{"line":227,"column":6},"end":{"line":230,"column":null}},"46":{"start":{"line":22,"column":41},"end":{"line":22,"column":77}},"47":{"start":{"line":23,"column":47},"end":{"line":23,"column":87}},"48":{"start":{"line":24,"column":44},"end":{"line":24,"column":81}},"49":{"start":{"line":25,"column":46},"end":{"line":25,"column":87}},"50":{"start":{"line":26,"column":47},"end":{"line":26,"column":95}},"51":{"start":{"line":27,"column":30},"end":{"line":27,"column":44}}},"fnMap":{"0":{"name":"(anonymous_6)","decl":{"start":{"line":37,"column":2},"end":{"line":37,"column":8}},"loc":{"start":{"line":41,"column":37},"end":{"line":121,"column":null}}},"1":{"name":"(anonymous_7)","decl":{"start":{"line":126,"column":2},"end":{"line":127,"column":3}},"loc":{"start":{"line":138,"column":28},"end":{"line":192,"column":null}}},"2":{"name":"(anonymous_8)","decl":{"start":{"line":143,"column":22},"end":{"line":143,"column":23}},"loc":{"start":{"line":144,"column":6},"end":{"line":144,"column":null}}},"3":{"name":"(anonymous_9)","decl":{"start":{"line":197,"column":2},"end":{"line":197,"column":16}},"loc":{"start":{"line":205,"column":19},"end":{"line":232,"column":null}}},"4":{"name":"(anonymous_10)","decl":{"start":{"line":21,"column":2},"end":{"line":21,"column":null}},"loc":{"start":{"line":28,"column":4},"end":{"line":28,"column":null}}}},"branchMap":{"0":{"loc":{"start":{"line":39,"column":4},"end":{"line":39,"column":23}},"type":"default-arg","locations":[{"start":{"line":39,"column":20},"end":{"line":39,"column":23}}]},"1":{"loc":{"start":{"line":40,"column":4},"end":{"line":40,"column":22}},"type":"default-arg","locations":[{"start":{"line":40,"column":21},"end":{"line":40,"column":22}}]},"2":{"loc":{"start":{"line":107,"column":15},"end":{"line":107,"column":null}},"type":"cond-expr","locations":[{"start":{"line":107,"column":40},"end":{"line":107,"column":53}},{"start":{"line":107,"column":56},"end":{"line":107,"column":null}}]},"3":{"loc":{"start":{"line":112,"column":6},"end":{"line":114,"column":null}},"type":"if","locations":[{"start":{"line":112,"column":6},"end":{"line":114,"column":null}},{"start":{},"end":{}}]},"4":{"loc":{"start":{"line":165,"column":4},"end":{"line":170,"column":null}},"type":"if","locations":[{"start":{"line":165,"column":4},"end":{"line":170,"column":null}},{"start":{},"end":{}}]},"5":{"loc":{"start":{"line":165,"column":8},"end":{"line":165,"column":36}},"type":"binary-expr","locations":[{"start":{"line":165,"column":8},"end":{"line":165,"column":22}},{"start":{"line":165,"column":22},"end":{"line":165,"column":36}}]},"6":{"loc":{"start":{"line":167,"column":12},"end":{"line":167,"column":58}},"type":"binary-expr","locations":[{"start":{"line":167,"column":12},"end":{"line":167,"column":26}},{"start":{"line":167,"column":26},"end":{"line":167,"column":58}}]},"7":{"loc":{"start":{"line":168,"column":12},"end":{"line":168,"column":64}},"type":"binary-expr","locations":[{"start":{"line":168,"column":12},"end":{"line":168,"column":28}},{"start":{"line":168,"column":28},"end":{"line":168,"column":64}}]},"8":{"loc":{"start":{"line":179,"column":10},"end":{"line":179,"column":108}},"type":"binary-expr","locations":[{"start":{"line":179,"column":10},"end":{"line":179,"column":21}},{"start":{"line":179,"column":21},"end":{"line":179,"column":108}}]},"9":{"loc":{"start":{"line":180,"column":10},"end":{"line":180,"column":121}},"type":"binary-expr","locations":[{"start":{"line":180,"column":10},"end":{"line":180,"column":21}},{"start":{"line":180,"column":21},"end":{"line":180,"column":121}}]},"10":{"loc":{"start":{"line":229,"column":15},"end":{"line":229,"column":null}},"type":"cond-expr","locations":[{"start":{"line":229,"column":40},"end":{"line":229,"column":53}},{"start":{"line":229,"column":56},"end":{"line":229,"column":null}}]}},"s":{"0":12,"1":2,"2":2,"3":2,"4":2,"5":2,"6":2,"7":2,"8":2,"9":2,"10":2,"11":2,"12":20,"13":20,"14":20,"15":20,"16":20,"17":20,"18":19,"19":18,"20":18,"21":18,"22":18,"23":18,"24":2,"25":2,"26":2,"27":2,"28":0,"29":18,"30":18,"31":11,"32":18,"33":18,"34":18,"35":5,"36":18,"37":18,"38":18,"39":18,"40":18,"41":18,"42":18,"43":18,"44":18,"45":0,"46":10,"47":10,"48":10,"49":10,"50":10,"51":10},"f":{"0":20,"1":18,"2":11,"3":18,"4":10},"b":{"0":[7],"1":[7],"2":[2,0],"3":[2,0],"4":[5,13],"5":[18,15],"6":[5,3],"7":[5,4],"8":[18,2],"9":[18,0],"10":[0,0]}}
,"E:\\coding test\\keyloop coding\\src\\application\\services\\ExternalAPIOrchestrator.ts": {"path":"E:\\coding test\\keyloop coding\\src\\application\\services\\ExternalAPIOrchestrator.ts","statementMap":{"0":{"start":{"line":20,"column":13},"end":{"line":20,"column":null}},"1":{"start":{"line":6,"column":35},"end":{"line":6,"column":null}},"2":{"start":{"line":8,"column":39},"end":{"line":8,"column":null}},"3":{"start":{"line":9,"column":29},"end":{"line":9,"column":null}},"4":{"start":{"line":10,"column":23},"end":{"line":10,"column":null}},"5":{"start":{"line":40,"column":22},"end":{"line":40,"column":null}},"6":{"start":{"line":43,"column":29},"end":{"line":46,"column":null}},"7":{"start":{"line":49,"column":31},"end":{"line":52,"column":null}},"8":{"start":{"line":56,"column":20},"end":{"line":59,"column":null}},"9":{"start":{"line":61,"column":24},"end":{"line":61,"column":34}},"10":{"start":{"line":62,"column":26},"end":{"line":62,"column":36}},"11":{"start":{"line":64,"column":37},"end":{"line":64,"column":39}},"12":{"start":{"line":66,"column":23},"end":{"line":66,"column":null}},"13":{"start":{"line":69,"column":4},"end":{"line":84,"column":null}},"14":{"start":{"line":70,"column":6},"end":{"line":70,"column":null}},"15":{"start":{"line":71,"column":6},"end":{"line":71,"column":null}},"16":{"start":{"line":72,"column":6},"end":{"line":72,"column":null}},"17":{"start":{"line":73,"column":6},"end":{"line":76,"column":null}},"18":{"start":{"line":78,"column":6},"end":{"line":78,"column":null}},"19":{"start":{"line":79,"column":6},"end":{"line":79,"column":null}},"20":{"start":{"line":80,"column":6},"end":{"line":83,"column":null}},"21":{"start":{"line":86,"column":39},"end":{"line":86,"column":41}},"22":{"start":{"line":88,"column":25},"end":{"line":88,"column":null}},"23":{"start":{"line":91,"column":4},"end":{"line":106,"column":null}},"24":{"start":{"line":92,"column":6},"end":{"line":92,"column":null}},"25":{"start":{"line":93,"column":6},"end":{"line":93,"column":null}},"26":{"start":{"line":94,"column":6},"end":{"line":94,"column":null}},"27":{"start":{"line":95,"column":6},"end":{"line":98,"column":null}},"28":{"start":{"line":100,"column":6},"end":{"line":100,"column":null}},"29":{"start":{"line":101,"column":6},"end":{"line":101,"column":null}},"30":{"start":{"line":102,"column":6},"end":{"line":105,"column":null}},"31":{"start":{"line":108,"column":4},"end":{"line":115,"column":null}},"32":{"start":{"line":130,"column":4},"end":{"line":143,"column":null}},"33":{"start":{"line":133,"column":8},"end":{"line":140,"column":null}},"34":{"start":{"line":135,"column":26},"end":{"line":136,"column":null}},"35":{"start":{"line":138,"column":12},"end":{"line":138,"column":null}},"36":{"start":{"line":153,"column":4},"end":{"line":153,"column":null}},"37":{"start":{"line":163,"column":4},"end":{"line":163,"column":null}},"38":{"start":{"line":173,"column":4},"end":{"line":173,"column":null}},"39":{"start":{"line":21,"column":40},"end":{"line":21,"column":54}}},"fnMap":{"0":{"name":"(anonymous_6)","decl":{"start":{"line":29,"column":2},"end":{"line":29,"column":8}},"loc":{"start":{"line":39,"column":5},"end":{"line":116,"column":null}}},"1":{"name":"(anonymous_7)","decl":{"start":{"line":125,"column":2},"end":{"line":126,"column":3}},"loc":{"start":{"line":129,"column":16},"end":{"line":144,"column":null}}},"2":{"name":"(anonymous_8)","decl":{"start":{"line":132,"column":21},"end":{"line":132,"column":22}},"loc":{"start":{"line":133,"column":8},"end":{"line":140,"column":null}}},"3":{"name":"(anonymous_9)","decl":{"start":{"line":134,"column":10},"end":{"line":134,"column":null}},"loc":{"start":{"line":134,"column":10},"end":{"line":139,"column":null}}},"4":{"name":"(anonymous_10)","decl":{"start":{"line":152,"column":2},"end":{"line":152,"column":23}},"loc":{"start":{"line":152,"column":80},"end":{"line":154,"column":null}}},"5":{"name":"(anonymous_11)","decl":{"start":{"line":162,"column":2},"end":{"line":162,"column":13}},"loc":{"start":{"line":162,"column":70},"end":{"line":164,"column":null}}},"6":{"name":"(anonymous_12)","decl":{"start":{"line":172,"column":2},"end":{"line":172,"column":12}},"loc":{"start":{"line":172,"column":69},"end":{"line":174,"column":null}}},"7":{"name":"(anonymous_13)","decl":{"start":{"line":21,"column":2},"end":{"line":21,"column":14}},"loc":{"start":{"line":21,"column":56},"end":{"line":21,"column":null}}}},"branchMap":{"0":{"loc":{"start":{"line":69,"column":4},"end":{"line":84,"column":null}},"type":"if","locations":[{"start":{"line":69,"column":4},"end":{"line":84,"column":null}},{"start":{"line":77,"column":11},"end":{"line":84,"column":null}}]},"1":{"loc":{"start":{"line":78,"column":19},"end":{"line":78,"column":null}},"type":"binary-expr","locations":[{"start":{"line":78,"column":19},"end":{"line":78,"column":50}},{"start":{"line":78,"column":50},"end":{"line":78,"column":null}}]},"2":{"loc":{"start":{"line":91,"column":4},"end":{"line":106,"column":null}},"type":"if","locations":[{"start":{"line":91,"column":4},"end":{"line":106,"column":null}},{"start":{"line":99,"column":11},"end":{"line":106,"column":null}}]},"3":{"loc":{"start":{"line":100,"column":21},"end":{"line":100,"column":null}},"type":"binary-expr","locations":[{"start":{"line":100,"column":21},"end":{"line":100,"column":54}},{"start":{"line":100,"column":54},"end":{"line":100,"column":null}}]},"4":{"loc":{"start":{"line":153,"column":11},"end":{"line":153,"column":null}},"type":"binary-expr","locations":[{"start":{"line":153,"column":11},"end":{"line":153,"column":27}},{"start":{"line":153,"column":27},"end":{"line":153,"column":null}}]},"5":{"loc":{"start":{"line":163,"column":11},"end":{"line":163,"column":null}},"type":"binary-expr","locations":[{"start":{"line":163,"column":11},"end":{"line":163,"column":28}},{"start":{"line":163,"column":28},"end":{"line":163,"column":null}}]},"6":{"loc":{"start":{"line":173,"column":11},"end":{"line":173,"column":null}},"type":"binary-expr","locations":[{"start":{"line":173,"column":11},"end":{"line":173,"column":28}},{"start":{"line":173,"column":28},"end":{"line":173,"column":49}},{"start":{"line":173,"column":49},"end":{"line":173,"column":66}},{"start":{"line":173,"column":66},"end":{"line":173,"column":null}}]}},"s":{"0":20,"1":3,"2":3,"3":3,"4":3,"5":18,"6":18,"7":18,"8":18,"9":18,"10":18,"11":18,"12":18,"13":18,"14":12,"15":12,"16":12,"17":12,"18":6,"19":6,"20":6,"21":18,"22":18,"23":18,"24":13,"25":13,"26":13,"27":13,"28":5,"29":5,"30":5,"31":18,"32":36,"33":36,"34":12,"35":12,"36":3,"37":2,"38":13,"39":17},"f":{"0":18,"1":36,"2":36,"3":12,"4":3,"5":2,"6":13,"7":17},"b":{"0":[12,6],"1":[6,0],"2":[13,5],"3":[5,0],"4":[3,1],"5":[2,1],"6":[13,10,11,3]}}
,"E:\\coding test\\keyloop coding\\src\\application\\services\\ValidationService.ts": {"path":"E:\\coding test\\keyloop coding\\src\\application\\services\\ValidationService.ts","statementMap":{"0":{"start":{"line":11,"column":13},"end":{"line":11,"column":null}},"1":{"start":{"line":6,"column":27},"end":{"line":6,"column":null}},"2":{"start":{"line":7,"column":32},"end":{"line":7,"column":null}},"3":{"start":{"line":8,"column":32},"end":{"line":8,"column":null}},"4":{"start":{"line":18,"column":4},"end":{"line":20,"column":null}},"5":{"start":{"line":19,"column":6},"end":{"line":19,"column":null}},"6":{"start":{"line":22,"column":4},"end":{"line":24,"column":null}},"7":{"start":{"line":23,"column":6},"end":{"line":23,"column":null}},"8":{"start":{"line":26,"column":4},"end":{"line":28,"column":null}},"9":{"start":{"line":27,"column":6},"end":{"line":27,"column":null}},"10":{"start":{"line":30,"column":4},"end":{"line":32,"column":null}},"11":{"start":{"line":31,"column":6},"end":{"line":31,"column":null}},"12":{"start":{"line":41,"column":4},"end":{"line":41,"column":null}},"13":{"start":{"line":51,"column":23},"end":{"line":51,"column":null}},"14":{"start":{"line":52,"column":24},"end":{"line":52,"column":null}},"15":{"start":{"line":54,"column":4},"end":{"line":56,"column":null}},"16":{"start":{"line":55,"column":6},"end":{"line":55,"column":null}},"17":{"start":{"line":58,"column":4},"end":{"line":60,"column":null}},"18":{"start":{"line":59,"column":6},"end":{"line":59,"column":null}},"19":{"start":{"line":62,"column":4},"end":{"line":62,"column":null}},"20":{"start":{"line":73,"column":4},"end":{"line":73,"column":null}}},"fnMap":{"0":{"name":"(anonymous_2)","decl":{"start":{"line":17,"column":2},"end":{"line":17,"column":20}},"loc":{"start":{"line":17,"column":39},"end":{"line":33,"column":null}}},"1":{"name":"(anonymous_3)","decl":{"start":{"line":40,"column":2},"end":{"line":40,"column":15}},"loc":{"start":{"line":40,"column":36},"end":{"line":42,"column":null}}},"2":{"name":"(anonymous_4)","decl":{"start":{"line":50,"column":2},"end":{"line":50,"column":21}},"loc":{"start":{"line":50,"column":89},"end":{"line":63,"column":null}}},"3":{"name":"(anonymous_5)","decl":{"start":{"line":72,"column":2},"end":{"line":72,"column":19}},"loc":{"start":{"line":72,"column":67},"end":{"line":74,"column":null}}}},"branchMap":{"0":{"loc":{"start":{"line":18,"column":4},"end":{"line":20,"column":null}},"type":"if","locations":[{"start":{"line":18,"column":4},"end":{"line":20,"column":null}},{"start":{},"end":{}}]},"1":{"loc":{"start":{"line":22,"column":4},"end":{"line":24,"column":null}},"type":"if","locations":[{"start":{"line":22,"column":4},"end":{"line":24,"column":null}},{"start":{},"end":{}}]},"2":{"loc":{"start":{"line":26,"column":4},"end":{"line":28,"column":null}},"type":"if","locations":[{"start":{"line":26,"column":4},"end":{"line":28,"column":null}},{"start":{},"end":{}}]},"3":{"loc":{"start":{"line":30,"column":4},"end":{"line":32,"column":null}},"type":"if","locations":[{"start":{"line":30,"column":4},"end":{"line":32,"column":null}},{"start":{},"end":{}}]},"4":{"loc":{"start":{"line":51,"column":23},"end":{"line":51,"column":null}},"type":"binary-expr","locations":[{"start":{"line":51,"column":23},"end":{"line":51,"column":32}},{"start":{"line":51,"column":32},"end":{"line":51,"column":null}}]},"5":{"loc":{"start":{"line":52,"column":24},"end":{"line":52,"column":null}},"type":"binary-expr","locations":[{"start":{"line":52,"column":24},"end":{"line":52,"column":34}},{"start":{"line":52,"column":34},"end":{"line":52,"column":null}}]},"6":{"loc":{"start":{"line":54,"column":4},"end":{"line":56,"column":null}},"type":"if","locations":[{"start":{"line":54,"column":4},"end":{"line":56,"column":null}},{"start":{},"end":{}}]},"7":{"loc":{"start":{"line":54,"column":8},"end":{"line":54,"column":45}},"type":"binary-expr","locations":[{"start":{"line":54,"column":8},"end":{"line":54,"column":26}},{"start":{"line":54,"column":26},"end":{"line":54,"column":45}}]},"8":{"loc":{"start":{"line":58,"column":4},"end":{"line":60,"column":null}},"type":"if","locations":[{"start":{"line":58,"column":4},"end":{"line":60,"column":null}},{"start":{},"end":{}}]}},"s":{"0":30,"1":3,"2":3,"3":3,"4":19,"5":1,"6":18,"7":0,"8":18,"9":2,"10":16,"11":3,"12":15,"13":19,"14":19,"15":19,"16":4,"17":15,"18":1,"19":14,"20":16},"f":{"0":19,"1":15,"2":19,"3":16},"b":{"0":[1,18],"1":[0,18],"2":[2,16],"3":[3,13],"4":[19,1],"5":[19,1],"6":[4,15],"7":[19,17],"8":[1,14]}}
,"E:\\coding test\\keyloop coding\\src\\domain\\constants\\DocumentTypes.ts": {"path":"E:\\coding test\\keyloop coding\\src\\domain\\constants\\DocumentTypes.ts","statementMap":{"0":{"start":{"line":26,"column":13},"end":{"line":26,"column":28}},"1":{"start":{"line":5,"column":13},"end":{"line":5,"column":32}},"2":{"start":{"line":10,"column":13},"end":{"line":10,"column":30}},"3":{"start":{"line":33,"column":13},"end":{"line":33,"column":35}},"4":{"start":{"line":39,"column":13},"end":{"line":39,"column":37}},"5":{"start":{"line":20,"column":13},"end":{"line":20,"column":31}},"6":{"start":{"line":5,"column":32},"end":{"line":8,"column":null}},"7":{"start":{"line":10,"column":30},"end":{"line":18,"column":null}},"8":{"start":{"line":20,"column":31},"end":{"line":24,"column":null}},"9":{"start":{"line":26,"column":28},"end":{"line":31,"column":null}},"10":{"start":{"line":33,"column":35},"end":{"line":37,"column":null}},"11":{"start":{"line":39,"column":37},"end":{"line":39,"column":null}}},"fnMap":{},"branchMap":{},"s":{"0":36,"1":0,"2":0,"3":29,"4":0,"5":44,"6":5,"7":5,"8":5,"9":5,"10":5,"11":5},"f":{},"b":{}}
,"E:\\coding test\\keyloop coding\\src\\domain\\entities\\AggregatedSearchResult.ts": {"path":"E:\\coding test\\keyloop coding\\src\\domain\\entities\\AggregatedSearchResult.ts","statementMap":{"0":{"start":{"line":27,"column":13},"end":{"line":27,"column":null}},"1":{"start":{"line":40,"column":4},"end":{"line":40,"column":null}},"2":{"start":{"line":47,"column":4},"end":{"line":47,"column":null}},"3":{"start":{"line":54,"column":4},"end":{"line":54,"column":null}},"4":{"start":{"line":54,"column":40},"end":{"line":54,"column":63}},"5":{"start":{"line":61,"column":4},"end":{"line":61,"column":null}},"6":{"start":{"line":61,"column":40},"end":{"line":61,"column":65}},"7":{"start":{"line":68,"column":4},"end":{"line":68,"column":null}},"8":{"start":{"line":68,"column":40},"end":{"line":68,"column":null}},"9":{"start":{"line":75,"column":4},"end":{"line":76,"column":null}},"10":{"start":{"line":76,"column":6},"end":{"line":76,"column":null}},"11":{"start":{"line":84,"column":4},"end":{"line":85,"column":null}},"12":{"start":{"line":85,"column":6},"end":{"line":85,"column":null}},"13":{"start":{"line":29,"column":11},"end":{"line":29,"column":32}},"14":{"start":{"line":30,"column":11},"end":{"line":30,"column":29}},"15":{"start":{"line":31,"column":11},"end":{"line":31,"column":34}},"16":{"start":{"line":32,"column":11},"end":{"line":32,"column":26}},"17":{"start":{"line":33,"column":11},"end":{"line":33,"column":24}}},"fnMap":{"0":{"name":"(anonymous_2)","decl":{"start":{"line":39,"column":2},"end":{"line":39,"column":26}},"loc":{"start":{"line":39,"column":26},"end":{"line":41,"column":null}}},"1":{"name":"(anonymous_3)","decl":{"start":{"line":46,"column":2},"end":{"line":46,"column":23}},"loc":{"start":{"line":46,"column":23},"end":{"line":48,"column":null}}},"2":{"name":"(anonymous_4)","decl":{"start":{"line":53,"column":2},"end":{"line":53,"column":34}},"loc":{"start":{"line":53,"column":34},"end":{"line":55,"column":null}}},"3":{"name":"(anonymous_5)","decl":{"start":{"line":54,"column":33},"end":{"line":54,"column":40}},"loc":{"start":{"line":54,"column":40},"end":{"line":54,"column":63}}},"4":{"name":"(anonymous_6)","decl":{"start":{"line":60,"column":2},"end":{"line":60,"column":36}},"loc":{"start":{"line":60,"column":36},"end":{"line":62,"column":null}}},"5":{"name":"(anonymous_7)","decl":{"start":{"line":61,"column":33},"end":{"line":61,"column":40}},"loc":{"start":{"line":61,"column":40},"end":{"line":61,"column":65}}},"6":{"name":"(anonymous_8)","decl":{"start":{"line":67,"column":2},"end":{"line":67,"column":23}},"loc":{"start":{"line":67,"column":78},"end":{"line":69,"column":null}}},"7":{"name":"(anonymous_9)","decl":{"start":{"line":68,"column":33},"end":{"line":68,"column":40}},"loc":{"start":{"line":68,"column":40},"end":{"line":68,"column":null}}},"8":{"name":"(anonymous_10)","decl":{"start":{"line":74,"column":2},"end":{"line":74,"column":34}},"loc":{"start":{"line":74,"column":34},"end":{"line":78,"column":null}}},"9":{"name":"(anonymous_11)","decl":{"start":{"line":75,"column":36},"end":{"line":75,"column":37}},"loc":{"start":{"line":76,"column":6},"end":{"line":76,"column":null}}},"10":{"name":"(anonymous_12)","decl":{"start":{"line":83,"column":2},"end":{"line":83,"column":34}},"loc":{"start":{"line":83,"column":34},"end":{"line":87,"column":null}}},"11":{"name":"(anonymous_13)","decl":{"start":{"line":84,"column":36},"end":{"line":84,"column":37}},"loc":{"start":{"line":85,"column":6},"end":{"line":85,"column":null}}},"12":{"name":"(anonymous_14)","decl":{"start":{"line":28,"column":2},"end":{"line":28,"column":null}},"loc":{"start":{"line":34,"column":4},"end":{"line":34,"column":null}}}},"branchMap":{"0":{"loc":{"start":{"line":40,"column":11},"end":{"line":40,"column":null}},"type":"binary-expr","locations":[{"start":{"line":40,"column":11},"end":{"line":40,"column":23}},{"start":{"line":40,"column":28},"end":{"line":40,"column":null}}]}},"s":{"0":18,"1":10,"2":0,"3":0,"4":0,"5":0,"6":0,"7":36,"8":42,"9":0,"10":0,"11":0,"12":0,"13":18,"14":18,"15":18,"16":18,"17":18},"f":{"0":10,"1":0,"2":0,"3":0,"4":0,"5":0,"6":36,"7":42,"8":0,"9":0,"10":0,"11":0,"12":18},"b":{"0":[10,3]}}
,"E:\\coding test\\keyloop coding\\src\\domain\\entities\\Document.ts": {"path":"E:\\coding test\\keyloop coding\\src\\domain\\entities\\Document.ts","statementMap":{"0":{"start":{"line":9,"column":13},"end":{"line":9,"column":null}},"1":{"start":{"line":28,"column":4},"end":{"line":28,"column":null}},"2":{"start":{"line":35,"column":53},"end":{"line":43,"column":null}},"3":{"start":{"line":44,"column":4},"end":{"line":44,"column":null}},"4":{"start":{"line":51,"column":4},"end":{"line":51,"column":null}},"5":{"start":{"line":58,"column":4},"end":{"line":58,"column":null}},"6":{"start":{"line":65,"column":15},"end":{"line":65,"column":null}},"7":{"start":{"line":66,"column":15},"end":{"line":66,"column":null}},"8":{"start":{"line":68,"column":4},"end":{"line":70,"column":null}},"9":{"start":{"line":69,"column":6},"end":{"line":69,"column":null}},"10":{"start":{"line":71,"column":4},"end":{"line":73,"column":null}},"11":{"start":{"line":72,"column":6},"end":{"line":72,"column":null}},"12":{"start":{"line":74,"column":4},"end":{"line":74,"column":null}},"13":{"start":{"line":11,"column":11},"end":{"line":11,"column":21}},"14":{"start":{"line":12,"column":11},"end":{"line":12,"column":29}},"15":{"start":{"line":13,"column":11},"end":{"line":13,"column":22}},"16":{"start":{"line":14,"column":11},"end":{"line":14,"column":24}},"17":{"start":{"line":15,"column":11},"end":{"line":15,"column":29}},"18":{"start":{"line":16,"column":11},"end":{"line":16,"column":33}},"19":{"start":{"line":17,"column":11},"end":{"line":17,"column":28}},"20":{"start":{"line":18,"column":11},"end":{"line":18,"column":29}},"21":{"start":{"line":19,"column":11},"end":{"line":19,"column":29}},"22":{"start":{"line":20,"column":11},"end":{"line":20,"column":23}},"23":{"start":{"line":21,"column":11},"end":{"line":21,"column":45}}},"fnMap":{"0":{"name":"(anonymous_2)","decl":{"start":{"line":27,"column":2},"end":{"line":27,"column":27}},"loc":{"start":{"line":27,"column":27},"end":{"line":29,"column":null}}},"1":{"name":"(anonymous_3)","decl":{"start":{"line":34,"column":2},"end":{"line":34,"column":25}},"loc":{"start":{"line":34,"column":25},"end":{"line":45,"column":null}}},"2":{"name":"(anonymous_4)","decl":{"start":{"line":50,"column":2},"end":{"line":50,"column":29}},"loc":{"start":{"line":50,"column":29},"end":{"line":52,"column":null}}},"3":{"name":"(anonymous_5)","decl":{"start":{"line":57,"column":2},"end":{"line":57,"column":31}},"loc":{"start":{"line":57,"column":31},"end":{"line":59,"column":null}}},"4":{"name":"(anonymous_6)","decl":{"start":{"line":64,"column":2},"end":{"line":64,"column":29}},"loc":{"start":{"line":64,"column":29},"end":{"line":75,"column":null}}},"5":{"name":"(anonymous_7)","decl":{"start":{"line":10,"column":2},"end":{"line":10,"column":null}},"loc":{"start":{"line":22,"column":4},"end":{"line":22,"column":null}}}},"branchMap":{"0":{"loc":{"start":{"line":28,"column":11},"end":{"line":28,"column":null}},"type":"cond-expr","locations":[{"start":{"line":28,"column":44},"end":{"line":28,"column":61}},{"start":{"line":28,"column":61},"end":{"line":28,"column":null}}]},"1":{"loc":{"start":{"line":68,"column":4},"end":{"line":70,"column":null}},"type":"if","locations":[{"start":{"line":68,"column":4},"end":{"line":70,"column":null}},{"start":{},"end":{}}]},"2":{"loc":{"start":{"line":71,"column":4},"end":{"line":73,"column":null}},"type":"if","locations":[{"start":{"line":71,"column":4},"end":{"line":73,"column":null}},{"start":{},"end":{}}]}},"s":{"0":30,"1":0,"2":0,"3":0,"4":0,"5":0,"6":0,"7":0,"8":0,"9":0,"10":0,"11":0,"12":0,"13":34,"14":34,"15":34,"16":34,"17":34,"18":34,"19":34,"20":34,"21":34,"22":34,"23":34},"f":{"0":0,"1":0,"2":0,"3":0,"4":0,"5":34},"b":{"0":[0,0],"1":[0,0],"2":[0,0]}}
,"E:\\coding test\\keyloop coding\\src\\domain\\entities\\SearchLog.ts": {"path":"E:\\coding test\\keyloop coding\\src\\domain\\entities\\SearchLog.ts","statementMap":{"0":{"start":{"line":6,"column":13},"end":{"line":6,"column":null}},"1":{"start":{"line":30,"column":4},"end":{"line":30,"column":null}},"2":{"start":{"line":37,"column":4},"end":{"line":37,"column":null}},"3":{"start":{"line":44,"column":4},"end":{"line":45,"column":null}},"4":{"start":{"line":52,"column":4},"end":{"line":54,"column":null}},"5":{"start":{"line":53,"column":6},"end":{"line":53,"column":null}},"6":{"start":{"line":55,"column":4},"end":{"line":57,"column":null}},"7":{"start":{"line":56,"column":6},"end":{"line":56,"column":null}},"8":{"start":{"line":58,"column":4},"end":{"line":58,"column":null}},"9":{"start":{"line":8,"column":11},"end":{"line":8,"column":21}},"10":{"start":{"line":9,"column":11},"end":{"line":9,"column":22}},"11":{"start":{"line":10,"column":11},"end":{"line":10,"column":32}},"12":{"start":{"line":11,"column":11},"end":{"line":11,"column":38}},"13":{"start":{"line":12,"column":11},"end":{"line":12,"column":38}},"14":{"start":{"line":13,"column":11},"end":{"line":13,"column":40}},"15":{"start":{"line":14,"column":11},"end":{"line":14,"column":34}},"16":{"start":{"line":15,"column":11},"end":{"line":15,"column":35}},"17":{"start":{"line":16,"column":11},"end":{"line":16,"column":37}},"18":{"start":{"line":17,"column":11},"end":{"line":17,"column":26}},"19":{"start":{"line":18,"column":11},"end":{"line":18,"column":42}},"20":{"start":{"line":19,"column":11},"end":{"line":19,"column":44}},"21":{"start":{"line":20,"column":11},"end":{"line":20,"column":40}},"22":{"start":{"line":21,"column":11},"end":{"line":21,"column":42}},"23":{"start":{"line":22,"column":11},"end":{"line":22,"column":26}},"24":{"start":{"line":23,"column":11},"end":{"line":23,"column":33}}},"fnMap":{"0":{"name":"(anonymous_2)","decl":{"start":{"line":29,"column":2},"end":{"line":29,"column":26}},"loc":{"start":{"line":29,"column":26},"end":{"line":31,"column":null}}},"1":{"name":"(anonymous_3)","decl":{"start":{"line":36,"column":2},"end":{"line":36,"column":23}},"loc":{"start":{"line":36,"column":23},"end":{"line":38,"column":null}}},"2":{"name":"(anonymous_4)","decl":{"start":{"line":43,"column":2},"end":{"line":43,"column":23}},"loc":{"start":{"line":43,"column":23},"end":{"line":46,"column":null}}},"3":{"name":"(anonymous_5)","decl":{"start":{"line":51,"column":2},"end":{"line":51,"column":23}},"loc":{"start":{"line":51,"column":23},"end":{"line":59,"column":null}}},"4":{"name":"(anonymous_6)","decl":{"start":{"line":7,"column":2},"end":{"line":7,"column":null}},"loc":{"start":{"line":24,"column":4},"end":{"line":24,"column":null}}}},"branchMap":{"0":{"loc":{"start":{"line":30,"column":11},"end":{"line":30,"column":57}},"type":"binary-expr","locations":[{"start":{"line":30,"column":11},"end":{"line":30,"column":31}},{"start":{"line":30,"column":35},"end":{"line":30,"column":57}}]},"1":{"loc":{"start":{"line":37,"column":11},"end":{"line":37,"column":59}},"type":"binary-expr","locations":[{"start":{"line":37,"column":11},"end":{"line":37,"column":32}},{"start":{"line":37,"column":36},"end":{"line":37,"column":59}}]},"2":{"loc":{"start":{"line":44,"column":11},"end":{"line":45,"column":59}},"type":"binary-expr","locations":[{"start":{"line":44,"column":11},"end":{"line":44,"column":32}},{"start":{"line":44,"column":36},"end":{"line":44,"column":59}},{"start":{"line":45,"column":12},"end":{"line":45,"column":33}},{"start":{"line":45,"column":37},"end":{"line":45,"column":59}}]},"3":{"loc":{"start":{"line":52,"column":4},"end":{"line":54,"column":null}},"type":"if","locations":[{"start":{"line":52,"column":4},"end":{"line":54,"column":null}},{"start":{},"end":{}}]},"4":{"loc":{"start":{"line":55,"column":4},"end":{"line":57,"column":null}},"type":"if","locations":[{"start":{"line":55,"column":4},"end":{"line":57,"column":null}},{"start":{},"end":{}}]}},"s":{"0":56,"1":0,"2":0,"3":0,"4":0,"5":0,"6":0,"7":0,"8":0,"9":56,"10":56,"11":56,"12":56,"13":56,"14":56,"15":56,"16":56,"17":56,"18":56,"19":56,"20":56,"21":56,"22":56,"23":56,"24":56},"f":{"0":0,"1":0,"2":0,"3":0,"4":56},"b":{"0":[0,0],"1":[0,0],"2":[0,0,0,0],"3":[0,0],"4":[0,0]}}
,"E:\\coding test\\keyloop coding\\src\\frameworks\\logger\\Logger.ts": {"path":"E:\\coding test\\keyloop coding\\src\\frameworks\\logger\\Logger.ts","statementMap":{"0":{"start":{"line":24,"column":13},"end":{"line":24,"column":null}},"1":{"start":{"line":20,"column":20},"end":{"line":20,"column":null}},"2":{"start":{"line":21,"column":27},"end":{"line":21,"column":null}},"3":{"start":{"line":51,"column":4},"end":{"line":51,"column":null}},"4":{"start":{"line":55,"column":4},"end":{"line":55,"column":null}},"5":{"start":{"line":59,"column":4},"end":{"line":59,"column":null}},"6":{"start":{"line":63,"column":4},"end":{"line":63,"column":null}},"7":{"start":{"line":25,"column":2},"end":{"line":25,"column":10}},"8":{"start":{"line":28,"column":4},"end":{"line":47,"column":null}}},"fnMap":{"0":{"name":"(anonymous_5)","decl":{"start":{"line":50,"column":2},"end":{"line":50,"column":8}},"loc":{"start":{"line":50,"column":53},"end":{"line":52,"column":null}}},"1":{"name":"(anonymous_6)","decl":{"start":{"line":54,"column":2},"end":{"line":54,"column":7}},"loc":{"start":{"line":54,"column":52},"end":{"line":56,"column":null}}},"2":{"name":"(anonymous_7)","decl":{"start":{"line":58,"column":2},"end":{"line":58,"column":7}},"loc":{"start":{"line":58,"column":52},"end":{"line":60,"column":null}}},"3":{"name":"(anonymous_8)","decl":{"start":{"line":62,"column":2},"end":{"line":62,"column":8}},"loc":{"start":{"line":62,"column":53},"end":{"line":64,"column":null}}},"4":{"name":"(anonymous_9)","decl":{"start":{"line":27,"column":2},"end":{"line":27,"column":16}},"loc":{"start":{"line":27,"column":16},"end":{"line":48,"column":null}}}},"branchMap":{"0":{"loc":{"start":{"line":29,"column":13},"end":{"line":29,"column":null}},"type":"binary-expr","locations":[{"start":{"line":29,"column":13},"end":{"line":29,"column":34}},{"start":{"line":29,"column":38},"end":{"line":29,"column":null}}]}},"s":{"0":3,"1":5,"2":5,"3":0,"4":37,"5":4,"6":1,"7":1,"8":1},"f":{"0":0,"1":37,"2":4,"3":1,"4":1},"b":{"0":[1,1]}}
,"E:\\coding test\\keyloop coding\\src\\interface-adapters\\controllers\\DocumentSearchController.ts": {"path":"E:\\coding test\\keyloop coding\\src\\interface-adapters\\controllers\\DocumentSearchController.ts","statementMap":{"0":{"start":{"line":18,"column":13},"end":{"line":18,"column":null}},"1":{"start":{"line":6,"column":35},"end":{"line":6,"column":null}},"2":{"start":{"line":8,"column":32},"end":{"line":8,"column":null}},"3":{"start":{"line":9,"column":25},"end":{"line":9,"column":null}},"4":{"start":{"line":10,"column":38},"end":{"line":10,"column":null}},"5":{"start":{"line":11,"column":40},"end":{"line":11,"column":null}},"6":{"start":{"line":12,"column":38},"end":{"line":12,"column":null}},"7":{"start":{"line":13,"column":86},"end":{"line":13,"column":null}},"8":{"start":{"line":14,"column":32},"end":{"line":14,"column":null}},"9":{"start":{"line":15,"column":23},"end":{"line":15,"column":null}},"10":{"start":{"line":29,"column":4},"end":{"line":80,"column":null}},"11":{"start":{"line":31,"column":28},"end":{"line":31,"column":null}},"12":{"start":{"line":32,"column":31},"end":{"line":32,"column":null}},"13":{"start":{"line":34,"column":6},"end":{"line":43,"column":null}},"14":{"start":{"line":35,"column":30},"end":{"line":37,"column":null}},"15":{"start":{"line":36,"column":22},"end":{"line":36,"column":null}},"16":{"start":{"line":39,"column":8},"end":{"line":42,"column":null}},"17":{"start":{"line":46,"column":21},"end":{"line":49,"column":null}},"18":{"start":{"line":53,"column":26},"end":{"line":71,"column":null}},"19":{"start":{"line":54,"column":36},"end":{"line":54,"column":null}},"20":{"start":{"line":75,"column":25},"end":{"line":75,"column":60}},"21":{"start":{"line":77,"column":6},"end":{"line":77,"column":null}},"22":{"start":{"line":79,"column":6},"end":{"line":79,"column":null}},"23":{"start":{"line":87,"column":4},"end":{"line":114,"column":null}},"24":{"start":{"line":88,"column":20},"end":{"line":88,"column":null}},"25":{"start":{"line":89,"column":21},"end":{"line":89,"column":null}},"26":{"start":{"line":91,"column":30},"end":{"line":91,"column":null}},"27":{"start":{"line":93,"column":6},"end":{"line":111,"column":null}},"28":{"start":{"line":94,"column":35},"end":{"line":104,"column":null}},"29":{"start":{"line":113,"column":6},"end":{"line":113,"column":null}},"30":{"start":{"line":20,"column":45},"end":{"line":20,"column":89}},"31":{"start":{"line":21,"column":47},"end":{"line":21,"column":95}},"32":{"start":{"line":22,"column":30},"end":{"line":22,"column":44}}},"fnMap":{"0":{"name":"(anonymous_6)","decl":{"start":{"line":28,"column":2},"end":{"line":28,"column":8}},"loc":{"start":{"line":28,"column":79},"end":{"line":81,"column":null}}},"1":{"name":"(anonymous_7)","decl":{"start":{"line":36,"column":15},"end":{"line":36,"column":22}},"loc":{"start":{"line":36,"column":22},"end":{"line":36,"column":null}}},"2":{"name":"(anonymous_8)","decl":{"start":{"line":54,"column":29},"end":{"line":54,"column":36}},"loc":{"start":{"line":54,"column":36},"end":{"line":54,"column":null}}},"3":{"name":"(anonymous_9)","decl":{"start":{"line":86,"column":2},"end":{"line":86,"column":8}},"loc":{"start":{"line":86,"column":86},"end":{"line":115,"column":null}}},"4":{"name":"(anonymous_10)","decl":{"start":{"line":94,"column":27},"end":{"line":94,"column":35}},"loc":{"start":{"line":94,"column":35},"end":{"line":104,"column":null}}},"5":{"name":"(anonymous_11)","decl":{"start":{"line":19,"column":2},"end":{"line":19,"column":null}},"loc":{"start":{"line":23,"column":4},"end":{"line":23,"column":null}}}},"branchMap":{"0":{"loc":{"start":{"line":34,"column":6},"end":{"line":43,"column":null}},"type":"if","locations":[{"start":{"line":34,"column":6},"end":{"line":43,"column":null}},{"start":{},"end":{}}]},"1":{"loc":{"start":{"line":36,"column":36},"end":{"line":36,"column":59}},"type":"binary-expr","locations":[{"start":{"line":36,"column":36},"end":{"line":36,"column":51}},{"start":{"line":36,"column":55},"end":{"line":36,"column":59}}]},"2":{"loc":{"start":{"line":63,"column":8},"end":{"line":66,"column":null}},"type":"cond-expr","locations":[{"start":{"line":63,"column":24},"end":{"line":65,"column":null}},{"start":{"line":66,"column":12},"end":{"line":66,"column":null}}]},"3":{"loc":{"start":{"line":67,"column":8},"end":{"line":71,"column":null}},"type":"cond-expr","locations":[{"start":{"line":67,"column":23},"end":{"line":70,"column":null}},{"start":{"line":71,"column":12},"end":{"line":71,"column":null}}]},"4":{"loc":{"start":{"line":75,"column":25},"end":{"line":75,"column":60}},"type":"cond-expr","locations":[{"start":{"line":75,"column":49},"end":{"line":75,"column":55}},{"start":{"line":75,"column":55},"end":{"line":75,"column":60}}]},"5":{"loc":{"start":{"line":88,"column":29},"end":{"line":88,"column":72}},"type":"binary-expr","locations":[{"start":{"line":88,"column":29},"end":{"line":88,"column":68}},{"start":{"line":88,"column":68},"end":{"line":88,"column":72}}]},"6":{"loc":{"start":{"line":89,"column":30},"end":{"line":89,"column":73}},"type":"binary-expr","locations":[{"start":{"line":89,"column":30},"end":{"line":89,"column":70}},{"start":{"line":89,"column":70},"end":{"line":89,"column":73}}]}},"s":{"0":1,"1":1,"2":1,"3":1,"4":1,"5":1,"6":1,"7":1,"8":1,"9":1,"10":14,"11":14,"12":14,"13":14,"14":3,"15":3,"16":3,"17":11,"18":10,"19":11,"20":10,"21":10,"22":4,"23":3,"24":3,"25":3,"26":3,"27":3,"28":24,"29":0,"30":1,"31":1,"32":1},"f":{"0":14,"1":3,"2":11,"3":3,"4":24,"5":1},"b":{"0":[3,11],"1":[3,0],"2":[3,7],"3":[10,0],"4":[7,3],"5":[3,2],"6":[3,3]}}
,"E:\\coding test\\keyloop coding\\src\\interface-adapters\\external-clients\\SalesSystemAPIClient.ts": {"path":"E:\\coding test\\keyloop coding\\src\\interface-adapters\\external-clients\\SalesSystemAPIClient.ts","statementMap":{"0":{"start":{"line":14,"column":13},"end":{"line":14,"column":null}},"1":{"start":{"line":6,"column":35},"end":{"line":6,"column":null}},"2":{"start":{"line":7,"column":37},"end":{"line":7,"column":null}},"3":{"start":{"line":8,"column":25},"end":{"line":8,"column":null}},"4":{"start":{"line":10,"column":23},"end":{"line":10,"column":null}},"5":{"start":{"line":11,"column":25},"end":{"line":11,"column":null}},"6":{"start":{"line":34,"column":4},"end":{"line":64,"column":null}},"7":{"start":{"line":35,"column":6},"end":{"line":35,"column":null}},"8":{"start":{"line":37,"column":23},"end":{"line":41,"column":null}},"9":{"start":{"line":44,"column":24},"end":{"line":44,"column":null}},"10":{"start":{"line":46,"column":6},"end":{"line":49,"column":null}},"11":{"start":{"line":51,"column":6},"end":{"line":51,"column":null}},"12":{"start":{"line":53,"column":27},"end":{"line":53,"column":null}},"13":{"start":{"line":55,"column":6},"end":{"line":58,"column":null}},"14":{"start":{"line":60,"column":6},"end":{"line":62,"column":null}},"15":{"start":{"line":71,"column":4},"end":{"line":73,"column":null}},"16":{"start":{"line":72,"column":6},"end":{"line":72,"column":null}},"17":{"start":{"line":75,"column":4},"end":{"line":87,"column":null}},"18":{"start":{"line":76,"column":6},"end":{"line":87,"column":null}},"19":{"start":{"line":96,"column":4},"end":{"line":98,"column":null}},"20":{"start":{"line":97,"column":6},"end":{"line":97,"column":null}},"21":{"start":{"line":99,"column":4},"end":{"line":101,"column":null}},"22":{"start":{"line":100,"column":6},"end":{"line":100,"column":null}},"23":{"start":{"line":102,"column":4},"end":{"line":102,"column":null}},"24":{"start":{"line":15,"column":2},"end":{"line":15,"column":10}},"25":{"start":{"line":16,"column":2},"end":{"line":16,"column":19}},"26":{"start":{"line":18,"column":40},"end":{"line":18,"column":54}},"27":{"start":{"line":19,"column":4},"end":{"line":19,"column":null}},"28":{"start":{"line":21,"column":4},"end":{"line":27,"column":null}}},"fnMap":{"0":{"name":"(anonymous_7)","decl":{"start":{"line":33,"column":2},"end":{"line":33,"column":8}},"loc":{"start":{"line":33,"column":49},"end":{"line":65,"column":null}}},"1":{"name":"(anonymous_8)","decl":{"start":{"line":70,"column":2},"end":{"line":70,"column":32}},"loc":{"start":{"line":70,"column":73},"end":{"line":90,"column":null}}},"2":{"name":"(anonymous_9)","decl":{"start":{"line":75,"column":34},"end":{"line":75,"column":35}},"loc":{"start":{"line":76,"column":6},"end":{"line":87,"column":null}}},"3":{"name":"(anonymous_10)","decl":{"start":{"line":95,"column":2},"end":{"line":95,"column":29}},"loc":{"start":{"line":95,"column":54},"end":{"line":103,"column":null}}},"4":{"name":"(anonymous_11)","decl":{"start":{"line":18,"column":2},"end":{"line":18,"column":14}},"loc":{"start":{"line":18,"column":56},"end":{"line":28,"column":null}}}},"branchMap":{"0":{"loc":{"start":{"line":71,"column":4},"end":{"line":73,"column":null}},"type":"if","locations":[{"start":{"line":71,"column":4},"end":{"line":73,"column":null}},{"start":{},"end":{}}]},"1":{"loc":{"start":{"line":71,"column":8},"end":{"line":71,"column":67}},"type":"binary-expr","locations":[{"start":{"line":71,"column":8},"end":{"line":71,"column":27}},{"start":{"line":71,"column":31},"end":{"line":71,"column":67}}]},"2":{"loc":{"start":{"line":79,"column":8},"end":{"line":79,"column":null}},"type":"binary-expr","locations":[{"start":{"line":79,"column":8},"end":{"line":79,"column":15}},{"start":{"line":79,"column":19},"end":{"line":79,"column":null}}]},"3":{"loc":{"start":{"line":81,"column":8},"end":{"line":81,"column":null}},"type":"binary-expr","locations":[{"start":{"line":81,"column":8},"end":{"line":81,"column":17}},{"start":{"line":81,"column":29},"end":{"line":81,"column":null}}]},"4":{"loc":{"start":{"line":86,"column":8},"end":{"line":86,"column":null}},"type":"binary-expr","locations":[{"start":{"line":86,"column":8},"end":{"line":86,"column":16}},{"start":{"line":86,"column":20},"end":{"line":86,"column":null}}]},"5":{"loc":{"start":{"line":96,"column":4},"end":{"line":98,"column":null}},"type":"if","locations":[{"start":{"line":96,"column":4},"end":{"line":98,"column":null}},{"start":{},"end":{}}]},"6":{"loc":{"start":{"line":97,"column":13},"end":{"line":97,"column":null}},"type":"binary-expr","locations":[{"start":{"line":97,"column":13},"end":{"line":97,"column":46}},{"start":{"line":97,"column":46},"end":{"line":97,"column":59}},{"start":{"line":97,"column":63},"end":{"line":97,"column":null}}]},"7":{"loc":{"start":{"line":99,"column":4},"end":{"line":101,"column":null}},"type":"if","locations":[{"start":{"line":99,"column":4},"end":{"line":101,"column":null}},{"start":{},"end":{}}]},"8":{"loc":{"start":{"line":19,"column":19},"end":{"line":19,"column":null}},"type":"binary-expr","locations":[{"start":{"line":19,"column":19},"end":{"line":19,"column":44}},{"start":{"line":19,"column":48},"end":{"line":19,"column":null}}]}},"s":{"0":1,"1":1,"2":1,"3":1,"4":1,"5":1,"6":0,"7":0,"8":0,"9":0,"10":0,"11":0,"12":0,"13":0,"14":0,"15":0,"16":0,"17":0,"18":0,"19":0,"20":0,"21":0,"22":0,"23":0,"24":0,"25":0,"26":0,"27":0,"28":0},"f":{"0":0,"1":0,"2":0,"3":0,"4":0},"b":{"0":[0,0],"1":[0,0],"2":[0,0],"3":[0,0],"4":[0,0],"5":[0,0],"6":[0,0,0],"7":[0,0],"8":[0,0]}}
,"E:\\coding test\\keyloop coding\\src\\interface-adapters\\external-clients\\ServiceSystemAPIClient.ts": {"path":"E:\\coding test\\keyloop coding\\src\\interface-adapters\\external-clients\\ServiceSystemAPIClient.ts","statementMap":{"0":{"start":{"line":14,"column":13},"end":{"line":14,"column":null}},"1":{"start":{"line":6,"column":35},"end":{"line":6,"column":null}},"2":{"start":{"line":7,"column":37},"end":{"line":7,"column":null}},"3":{"start":{"line":8,"column":25},"end":{"line":8,"column":null}},"4":{"start":{"line":10,"column":23},"end":{"line":10,"column":null}},"5":{"start":{"line":11,"column":25},"end":{"line":11,"column":null}},"6":{"start":{"line":34,"column":4},"end":{"line":64,"column":null}},"7":{"start":{"line":35,"column":6},"end":{"line":35,"column":null}},"8":{"start":{"line":37,"column":23},"end":{"line":41,"column":null}},"9":{"start":{"line":44,"column":24},"end":{"line":44,"column":null}},"10":{"start":{"line":46,"column":6},"end":{"line":49,"column":null}},"11":{"start":{"line":51,"column":6},"end":{"line":51,"column":null}},"12":{"start":{"line":53,"column":27},"end":{"line":53,"column":null}},"13":{"start":{"line":55,"column":6},"end":{"line":58,"column":null}},"14":{"start":{"line":60,"column":6},"end":{"line":62,"column":null}},"15":{"start":{"line":71,"column":4},"end":{"line":73,"column":null}},"16":{"start":{"line":72,"column":6},"end":{"line":72,"column":null}},"17":{"start":{"line":75,"column":4},"end":{"line":87,"column":null}},"18":{"start":{"line":76,"column":6},"end":{"line":87,"column":null}},"19":{"start":{"line":96,"column":4},"end":{"line":98,"column":null}},"20":{"start":{"line":97,"column":6},"end":{"line":97,"column":null}},"21":{"start":{"line":99,"column":4},"end":{"line":101,"column":null}},"22":{"start":{"line":100,"column":6},"end":{"line":100,"column":null}},"23":{"start":{"line":102,"column":4},"end":{"line":102,"column":null}},"24":{"start":{"line":15,"column":2},"end":{"line":15,"column":10}},"25":{"start":{"line":16,"column":2},"end":{"line":16,"column":19}},"26":{"start":{"line":18,"column":40},"end":{"line":18,"column":54}},"27":{"start":{"line":19,"column":4},"end":{"line":19,"column":null}},"28":{"start":{"line":21,"column":4},"end":{"line":27,"column":null}}},"fnMap":{"0":{"name":"(anonymous_7)","decl":{"start":{"line":33,"column":2},"end":{"line":33,"column":8}},"loc":{"start":{"line":33,"column":49},"end":{"line":65,"column":null}}},"1":{"name":"(anonymous_8)","decl":{"start":{"line":70,"column":2},"end":{"line":70,"column":32}},"loc":{"start":{"line":70,"column":75},"end":{"line":90,"column":null}}},"2":{"name":"(anonymous_9)","decl":{"start":{"line":75,"column":34},"end":{"line":75,"column":35}},"loc":{"start":{"line":76,"column":6},"end":{"line":87,"column":null}}},"3":{"name":"(anonymous_10)","decl":{"start":{"line":95,"column":2},"end":{"line":95,"column":29}},"loc":{"start":{"line":95,"column":54},"end":{"line":103,"column":null}}},"4":{"name":"(anonymous_11)","decl":{"start":{"line":18,"column":2},"end":{"line":18,"column":14}},"loc":{"start":{"line":18,"column":56},"end":{"line":28,"column":null}}}},"branchMap":{"0":{"loc":{"start":{"line":71,"column":4},"end":{"line":73,"column":null}},"type":"if","locations":[{"start":{"line":71,"column":4},"end":{"line":73,"column":null}},{"start":{},"end":{}}]},"1":{"loc":{"start":{"line":71,"column":8},"end":{"line":71,"column":67}},"type":"binary-expr","locations":[{"start":{"line":71,"column":8},"end":{"line":71,"column":27}},{"start":{"line":71,"column":31},"end":{"line":71,"column":67}}]},"2":{"loc":{"start":{"line":79,"column":8},"end":{"line":79,"column":null}},"type":"binary-expr","locations":[{"start":{"line":79,"column":8},"end":{"line":79,"column":15}},{"start":{"line":79,"column":19},"end":{"line":79,"column":null}}]},"3":{"loc":{"start":{"line":81,"column":8},"end":{"line":81,"column":null}},"type":"binary-expr","locations":[{"start":{"line":81,"column":8},"end":{"line":81,"column":17}},{"start":{"line":81,"column":29},"end":{"line":81,"column":null}}]},"4":{"loc":{"start":{"line":86,"column":8},"end":{"line":86,"column":null}},"type":"binary-expr","locations":[{"start":{"line":86,"column":8},"end":{"line":86,"column":16}},{"start":{"line":86,"column":20},"end":{"line":86,"column":null}}]},"5":{"loc":{"start":{"line":96,"column":4},"end":{"line":98,"column":null}},"type":"if","locations":[{"start":{"line":96,"column":4},"end":{"line":98,"column":null}},{"start":{},"end":{}}]},"6":{"loc":{"start":{"line":97,"column":13},"end":{"line":97,"column":null}},"type":"binary-expr","locations":[{"start":{"line":97,"column":13},"end":{"line":97,"column":46}},{"start":{"line":97,"column":46},"end":{"line":97,"column":59}},{"start":{"line":97,"column":63},"end":{"line":97,"column":null}}]},"7":{"loc":{"start":{"line":99,"column":4},"end":{"line":101,"column":null}},"type":"if","locations":[{"start":{"line":99,"column":4},"end":{"line":101,"column":null}},{"start":{},"end":{}}]},"8":{"loc":{"start":{"line":19,"column":19},"end":{"line":19,"column":null}},"type":"binary-expr","locations":[{"start":{"line":19,"column":19},"end":{"line":19,"column":46}},{"start":{"line":19,"column":50},"end":{"line":19,"column":null}}]}},"s":{"0":1,"1":1,"2":1,"3":1,"4":1,"5":1,"6":0,"7":0,"8":0,"9":0,"10":0,"11":0,"12":0,"13":0,"14":0,"15":0,"16":0,"17":0,"18":0,"19":0,"20":0,"21":0,"22":0,"23":0,"24":0,"25":0,"26":0,"27":0,"28":0},"f":{"0":0,"1":0,"2":0,"3":0,"4":0},"b":{"0":[0,0],"1":[0,0],"2":[0,0],"3":[0,0],"4":[0,0],"5":[0,0],"6":[0,0,0],"7":[0,0],"8":[0,0]}}
,"E:\\coding test\\keyloop coding\\src\\interface-adapters\\middleware\\errorHandler.ts": {"path":"E:\\coding test\\keyloop coding\\src\\interface-adapters\\middleware\\errorHandler.ts","statementMap":{"0":{"start":{"line":9,"column":16},"end":{"line":9,"column":null}},"1":{"start":{"line":49,"column":16},"end":{"line":49,"column":null}},"2":{"start":{"line":7,"column":25},"end":{"line":7,"column":null}},"3":{"start":{"line":16,"column":2},"end":{"line":21,"column":null}},"4":{"start":{"line":24,"column":2},"end":{"line":33,"column":null}},"5":{"start":{"line":25,"column":4},"end":{"line":31,"column":null}},"6":{"start":{"line":32,"column":4},"end":{"line":32,"column":null}},"7":{"start":{"line":36,"column":21},"end":{"line":36,"column":null}},"8":{"start":{"line":37,"column":20},"end":{"line":37,"column":null}},"9":{"start":{"line":39,"column":2},"end":{"line":46,"column":null}},"10":{"start":{"line":54,"column":2},"end":{"line":59,"column":null}}},"fnMap":{"0":{"name":"errorHandler","decl":{"start":{"line":9,"column":16},"end":{"line":9,"column":null}},"loc":{"start":{"line":13,"column":20},"end":{"line":47,"column":null}}},"1":{"name":"notFoundHandler","decl":{"start":{"line":49,"column":16},"end":{"line":49,"column":null}},"loc":{"start":{"line":52,"column":20},"end":{"line":60,"column":null}}}},"branchMap":{"0":{"loc":{"start":{"line":24,"column":2},"end":{"line":33,"column":null}},"type":"if","locations":[{"start":{"line":24,"column":2},"end":{"line":33,"column":null}},{"start":{},"end":{}}]},"1":{"loc":{"start":{"line":41,"column":13},"end":{"line":43,"column":19}},"type":"cond-expr","locations":[{"start":{"line":42,"column":8},"end":{"line":42,"column":null}},{"start":{"line":43,"column":8},"end":{"line":43,"column":19}}]}},"s":{"0":6,"1":5,"2":2,"3":9,"4":9,"5":7,"6":7,"7":2,"8":2,"9":2,"10":5},"f":{"0":9,"1":5},"b":{"0":[7,2],"1":[0,2]}}
,"E:\\coding test\\keyloop coding\\src\\interface-adapters\\repositories\\SearchHistoryRepository.ts": {"path":"E:\\coding test\\keyloop coding\\src\\interface-adapters\\repositories\\SearchHistoryRepository.ts","statementMap":{"0":{"start":{"line":10,"column":13},"end":{"line":10,"column":null}},"1":{"start":{"line":6,"column":27},"end":{"line":6,"column":null}},"2":{"start":{"line":20,"column":4},"end":{"line":20,"column":null}},"3":{"start":{"line":21,"column":4},"end":{"line":21,"column":null}},"4":{"start":{"line":28,"column":26},"end":{"line":28,"column":null}},"5":{"start":{"line":29,"column":4},"end":{"line":31,"column":null}},"6":{"start":{"line":30,"column":21},"end":{"line":30,"column":null}},"7":{"start":{"line":31,"column":22},"end":{"line":31,"column":null}},"8":{"start":{"line":41,"column":20},"end":{"line":42,"column":null}},"9":{"start":{"line":42,"column":22},"end":{"line":42,"column":null}},"10":{"start":{"line":44,"column":18},"end":{"line":44,"column":32}},"11":{"start":{"line":45,"column":17},"end":{"line":45,"column":null}},"12":{"start":{"line":47,"column":4},"end":{"line":47,"column":null}},"13":{"start":{"line":54,"column":23},"end":{"line":54,"column":null}},"14":{"start":{"line":55,"column":4},"end":{"line":55,"column":null}},"15":{"start":{"line":57,"column":23},"end":{"line":57,"column":null}},"16":{"start":{"line":58,"column":4},"end":{"line":63,"column":null}},"17":{"start":{"line":59,"column":6},"end":{"line":62,"column":null}},"18":{"start":{"line":60,"column":8},"end":{"line":60,"column":null}},"19":{"start":{"line":61,"column":8},"end":{"line":61,"column":null}},"20":{"start":{"line":65,"column":4},"end":{"line":65,"column":null}},"21":{"start":{"line":72,"column":4},"end":{"line":72,"column":null}},"22":{"start":{"line":79,"column":4},"end":{"line":79,"column":null}},"23":{"start":{"line":12,"column":2},"end":{"line":12,"column":null}},"24":{"start":{"line":14,"column":2},"end":{"line":14,"column":null}}},"fnMap":{"0":{"name":"(anonymous_3)","decl":{"start":{"line":19,"column":2},"end":{"line":19,"column":8}},"loc":{"start":{"line":19,"column":57},"end":{"line":22,"column":null}}},"1":{"name":"(anonymous_4)","decl":{"start":{"line":27,"column":2},"end":{"line":27,"column":8}},"loc":{"start":{"line":27,"column":53},"end":{"line":32,"column":null}}},"2":{"name":"(anonymous_5)","decl":{"start":{"line":30,"column":14},"end":{"line":30,"column":21}},"loc":{"start":{"line":30,"column":21},"end":{"line":30,"column":null}}},"3":{"name":"(anonymous_6)","decl":{"start":{"line":31,"column":12},"end":{"line":31,"column":13}},"loc":{"start":{"line":31,"column":22},"end":{"line":31,"column":null}}},"4":{"name":"(anonymous_7)","decl":{"start":{"line":37,"column":2},"end":{"line":37,"column":8}},"loc":{"start":{"line":40,"column":5},"end":{"line":48,"column":null}}},"5":{"name":"(anonymous_8)","decl":{"start":{"line":42,"column":12},"end":{"line":42,"column":13}},"loc":{"start":{"line":42,"column":22},"end":{"line":42,"column":null}}},"6":{"name":"(anonymous_9)","decl":{"start":{"line":53,"column":2},"end":{"line":53,"column":8}},"loc":{"start":{"line":53,"column":55},"end":{"line":66,"column":null}}},"7":{"name":"(anonymous_10)","decl":{"start":{"line":71,"column":2},"end":{"line":71,"column":8}},"loc":{"start":{"line":71,"column":31},"end":{"line":73,"column":null}}},"8":{"name":"(anonymous_11)","decl":{"start":{"line":78,"column":2},"end":{"line":78,"column":20}},"loc":{"start":{"line":78,"column":20},"end":{"line":80,"column":null}}}},"branchMap":{"0":{"loc":{"start":{"line":37,"column":16},"end":{"line":37,"column":34}},"type":"default-arg","locations":[{"start":{"line":37,"column":32},"end":{"line":37,"column":34}}]},"1":{"loc":{"start":{"line":37,"column":36},"end":{"line":37,"column":54}},"type":"default-arg","locations":[{"start":{"line":37,"column":53},"end":{"line":37,"column":54}}]},"2":{"loc":{"start":{"line":59,"column":6},"end":{"line":62,"column":null}},"type":"if","locations":[{"start":{"line":59,"column":6},"end":{"line":62,"column":null}},{"start":{},"end":{}}]}},"s":{"0":27,"1":3,"2":48,"3":48,"4":6,"5":6,"6":7,"7":1,"8":11,"9":44,"10":11,"11":11,"12":11,"13":2,"14":2,"15":2,"16":2,"17":3,"18":0,"19":0,"20":2,"21":19,"22":8,"23":22,"24":22},"f":{"0":48,"1":6,"2":7,"3":1,"4":11,"5":44,"6":2,"7":19,"8":8},"b":{"0":[5],"1":[6],"2":[0,3]}}
}
