TN:
SF:src\application\dto\SearchDocumentRequest.ts
FNF:0
FNH:0
DA:6,1
DA:7,1
DA:9,0
DA:10,14
DA:15,14
DA:22,14
DA:23,14
DA:36,14
LF:8
LH:7
BRF:0
BRH:0
end_of_record
TN:
SF:src\application\dto\SearchDocumentResponse.ts
FN:26,(anonymous_7)
FN:9,(anonymous_8)
FN:44,(anonymous_9)
FN:54,(anonymous_10)
FN:61,(anonymous_11)
FN:69,(anonymous_12)
FNF:6
FNH:6
FNDA:11,(anonymous_7)
FNDA:11,(anonymous_8)
FNDA:10,(anonymous_9)
FNDA:3,(anonymous_10)
FNDA:10,(anonymous_11)
FNDA:10,(anonymous_12)
DA:8,11
DA:10,11
DA:11,11
DA:12,11
DA:13,11
DA:14,11
DA:15,11
DA:16,11
DA:17,11
DA:18,11
DA:19,11
DA:20,11
DA:27,11
DA:43,10
DA:45,10
DA:46,10
DA:47,10
DA:48,10
DA:49,10
DA:53,3
DA:55,3
DA:56,3
DA:60,10
DA:62,10
DA:63,10
DA:64,10
DA:68,10
DA:70,10
DA:71,10
DA:72,10
DA:73,10
DA:74,10
LF:32
LH:32
BRF:0
BRH:0
end_of_record
TN:
SF:src\application\errors\AppError.ts
FN:26,(anonymous_9)
FN:9,(anonymous_10)
FN:43,(anonymous_11)
FN:62,(anonymous_12)
FN:81,(anonymous_13)
FN:100,(anonymous_14)
FN:119,(anonymous_15)
FN:138,(anonymous_16)
FNF:8
FNH:4
FNDA:0,(anonymous_9)
FNDA:34,(anonymous_10)
FNDA:17,(anonymous_11)
FNDA:5,(anonymous_12)
FNDA:12,(anonymous_13)
FNDA:0,(anonymous_14)
FNDA:0,(anonymous_15)
FNDA:0,(anonymous_16)
DA:6,9
DA:15,34
DA:16,34
DA:17,34
DA:20,34
DA:27,0
DA:42,28
DA:47,17
DA:53,17
DA:61,5
DA:66,5
DA:72,5
DA:80,12
DA:85,12
DA:91,12
DA:99,0
DA:104,0
DA:110,0
DA:118,0
DA:123,0
DA:129,0
DA:137,0
DA:142,0
DA:148,0
LF:24
LH:14
BRDA:12,0,0,0
BRDA:82,1,0,0
BRDA:120,2,0,0
BRDA:139,3,0,0
BRF:4
BRH:0
end_of_record
TN:
SF:src\application\services\DocumentSearchService.ts
FN:37,(anonymous_6)
FN:126,(anonymous_7)
FN:143,(anonymous_8)
FN:197,(anonymous_9)
FN:21,(anonymous_10)
FNF:5
FNH:5
FNDA:20,(anonymous_6)
FNDA:18,(anonymous_7)
FNDA:11,(anonymous_8)
FNDA:18,(anonymous_9)
FNDA:10,(anonymous_10)
DA:6,2
DA:7,2
DA:9,2
DA:10,2
DA:11,2
DA:12,2
DA:13,2
DA:14,2
DA:15,2
DA:16,2
DA:17,2
DA:20,12
DA:22,10
DA:23,10
DA:24,10
DA:25,10
DA:26,10
DA:27,10
DA:42,20
DA:43,20
DA:44,20
DA:46,20
DA:53,20
DA:55,20
DA:59,19
DA:62,18
DA:68,18
DA:83,18
DA:93,18
DA:100,18
DA:102,2
DA:104,2
DA:112,2
DA:113,2
DA:116,0
DA:140,18
DA:143,18
DA:144,11
DA:148,18
DA:155,18
DA:165,18
DA:166,5
DA:173,18
DA:174,18
DA:175,18
DA:177,18
DA:183,18
DA:185,18
DA:206,18
DA:207,18
DA:224,18
DA:227,0
LF:52
LH:50
BRDA:39,0,0,7
BRDA:40,1,0,7
BRDA:107,2,0,2
BRDA:107,2,1,0
BRDA:112,3,0,2
BRDA:112,3,1,0
BRDA:165,4,0,5
BRDA:165,4,1,13
BRDA:165,5,0,18
BRDA:165,5,1,15
BRDA:167,6,0,5
BRDA:167,6,1,3
BRDA:168,7,0,5
BRDA:168,7,1,4
BRDA:179,8,0,18
BRDA:179,8,1,2
BRDA:180,9,0,18
BRDA:180,9,1,0
BRDA:229,10,0,0
BRDA:229,10,1,0
BRF:20
BRH:15
end_of_record
TN:
SF:src\application\services\ExternalAPIOrchestrator.ts
FN:29,(anonymous_6)
FN:125,(anonymous_7)
FN:132,(anonymous_8)
FN:134,(anonymous_9)
FN:152,(anonymous_10)
FN:162,(anonymous_11)
FN:172,(anonymous_12)
FN:21,(anonymous_13)
FNF:8
FNH:8
FNDA:18,(anonymous_6)
FNDA:36,(anonymous_7)
FNDA:36,(anonymous_8)
FNDA:12,(anonymous_9)
FNDA:3,(anonymous_10)
FNDA:2,(anonymous_11)
FNDA:13,(anonymous_12)
FNDA:17,(anonymous_13)
DA:6,3
DA:8,3
DA:9,3
DA:10,3
DA:20,20
DA:21,17
DA:40,18
DA:43,18
DA:49,18
DA:56,18
DA:61,18
DA:62,18
DA:64,18
DA:66,18
DA:69,18
DA:70,12
DA:71,12
DA:72,12
DA:73,12
DA:78,6
DA:79,6
DA:80,6
DA:86,18
DA:88,18
DA:91,18
DA:92,13
DA:93,13
DA:94,13
DA:95,13
DA:100,5
DA:101,5
DA:102,5
DA:108,18
DA:130,36
DA:133,36
DA:135,12
DA:138,12
DA:153,3
DA:163,2
DA:173,13
LF:40
LH:40
BRDA:69,0,0,12
BRDA:69,0,1,6
BRDA:78,1,0,6
BRDA:78,1,1,0
BRDA:91,2,0,13
BRDA:91,2,1,5
BRDA:100,3,0,5
BRDA:100,3,1,0
BRDA:153,4,0,3
BRDA:153,4,1,1
BRDA:163,5,0,2
BRDA:163,5,1,1
BRDA:173,6,0,13
BRDA:173,6,1,10
BRDA:173,6,2,11
BRDA:173,6,3,3
BRF:16
BRH:14
end_of_record
TN:
SF:src\application\services\ValidationService.ts
FN:17,(anonymous_2)
FN:40,(anonymous_3)
FN:50,(anonymous_4)
FN:72,(anonymous_5)
FNF:4
FNH:4
FNDA:19,(anonymous_2)
FNDA:15,(anonymous_3)
FNDA:19,(anonymous_4)
FNDA:16,(anonymous_5)
DA:6,3
DA:7,3
DA:8,3
DA:11,30
DA:18,19
DA:19,1
DA:22,18
DA:23,0
DA:26,18
DA:27,2
DA:30,16
DA:31,3
DA:41,15
DA:51,19
DA:52,19
DA:54,19
DA:55,4
DA:58,15
DA:59,1
DA:62,14
DA:73,16
LF:21
LH:20
BRDA:18,0,0,1
BRDA:18,0,1,18
BRDA:22,1,0,0
BRDA:22,1,1,18
BRDA:26,2,0,2
BRDA:26,2,1,16
BRDA:30,3,0,3
BRDA:30,3,1,13
BRDA:51,4,0,19
BRDA:51,4,1,1
BRDA:52,5,0,19
BRDA:52,5,1,1
BRDA:54,6,0,4
BRDA:54,6,1,15
BRDA:54,7,0,19
BRDA:54,7,1,17
BRDA:58,8,0,1
BRDA:58,8,1,14
BRF:18
BRH:17
end_of_record
TN:
SF:src\domain\constants\DocumentTypes.ts
FNF:0
FNH:0
DA:5,5
DA:10,5
DA:20,44
DA:26,36
DA:33,29
DA:39,5
LF:6
LH:6
BRF:0
BRH:0
end_of_record
TN:
SF:src\domain\entities\AggregatedSearchResult.ts
FN:39,(anonymous_2)
FN:46,(anonymous_3)
FN:53,(anonymous_4)
FN:54,(anonymous_5)
FN:60,(anonymous_6)
FN:61,(anonymous_7)
FN:67,(anonymous_8)
FN:68,(anonymous_9)
FN:74,(anonymous_10)
FN:75,(anonymous_11)
FN:83,(anonymous_12)
FN:84,(anonymous_13)
FN:28,(anonymous_14)
FNF:13
FNH:4
FNDA:10,(anonymous_2)
FNDA:0,(anonymous_3)
FNDA:0,(anonymous_4)
FNDA:0,(anonymous_5)
FNDA:0,(anonymous_6)
FNDA:0,(anonymous_7)
FNDA:36,(anonymous_8)
FNDA:42,(anonymous_9)
FNDA:0,(anonymous_10)
FNDA:0,(anonymous_11)
FNDA:0,(anonymous_12)
FNDA:0,(anonymous_13)
FNDA:18,(anonymous_14)
DA:27,18
DA:29,18
DA:30,18
DA:31,18
DA:32,18
DA:33,18
DA:40,10
DA:47,0
DA:54,0
DA:61,0
DA:68,42
DA:75,0
DA:76,0
DA:84,0
DA:85,0
LF:15
LH:8
BRDA:40,0,0,10
BRDA:40,0,1,3
BRF:2
BRH:2
end_of_record
TN:
SF:src\domain\entities\Document.ts
FN:27,(anonymous_2)
FN:34,(anonymous_3)
FN:50,(anonymous_4)
FN:57,(anonymous_5)
FN:64,(anonymous_6)
FN:10,(anonymous_7)
FNF:6
FNH:1
FNDA:0,(anonymous_2)
FNDA:0,(anonymous_3)
FNDA:0,(anonymous_4)
FNDA:0,(anonymous_5)
FNDA:0,(anonymous_6)
FNDA:34,(anonymous_7)
DA:9,30
DA:11,34
DA:12,34
DA:13,34
DA:14,34
DA:15,34
DA:16,34
DA:17,34
DA:18,34
DA:19,34
DA:20,34
DA:21,34
DA:28,0
DA:35,0
DA:44,0
DA:51,0
DA:58,0
DA:65,0
DA:66,0
DA:68,0
DA:69,0
DA:71,0
DA:72,0
DA:74,0
LF:24
LH:12
BRDA:28,0,0,0
BRDA:28,0,1,0
BRDA:68,1,0,0
BRDA:68,1,1,0
BRDA:71,2,0,0
BRDA:71,2,1,0
BRF:6
BRH:0
end_of_record
TN:
SF:src\domain\entities\SearchLog.ts
FN:29,(anonymous_2)
FN:36,(anonymous_3)
FN:43,(anonymous_4)
FN:51,(anonymous_5)
FN:7,(anonymous_6)
FNF:5
FNH:1
FNDA:0,(anonymous_2)
FNDA:0,(anonymous_3)
FNDA:0,(anonymous_4)
FNDA:0,(anonymous_5)
FNDA:56,(anonymous_6)
DA:6,56
DA:8,56
DA:9,56
DA:10,56
DA:11,56
DA:12,56
DA:13,56
DA:14,56
DA:15,56
DA:16,56
DA:17,56
DA:18,56
DA:19,56
DA:20,56
DA:21,56
DA:22,56
DA:23,56
DA:30,0
DA:37,0
DA:44,0
DA:52,0
DA:53,0
DA:55,0
DA:56,0
DA:58,0
LF:25
LH:17
BRDA:30,0,0,0
BRDA:30,0,1,0
BRDA:37,1,0,0
BRDA:37,1,1,0
BRDA:44,2,0,0
BRDA:44,2,1,0
BRDA:44,2,2,0
BRDA:44,2,3,0
BRDA:52,3,0,0
BRDA:52,3,1,0
BRDA:55,4,0,0
BRDA:55,4,1,0
BRF:12
BRH:0
end_of_record
TN:
SF:src\frameworks\logger\Logger.ts
FN:50,(anonymous_5)
FN:54,(anonymous_6)
FN:58,(anonymous_7)
FN:62,(anonymous_8)
FN:27,(anonymous_9)
FNF:5
FNH:4
FNDA:0,(anonymous_5)
FNDA:37,(anonymous_6)
FNDA:4,(anonymous_7)
FNDA:1,(anonymous_8)
FNDA:1,(anonymous_9)
DA:20,5
DA:21,5
DA:24,3
DA:25,1
DA:28,1
DA:51,0
DA:55,37
DA:59,4
DA:63,1
LF:9
LH:8
BRDA:29,0,0,1
BRDA:29,0,1,1
BRF:2
BRH:2
end_of_record
TN:
SF:src\interface-adapters\controllers\DocumentSearchController.ts
FN:28,(anonymous_6)
FN:36,(anonymous_7)
FN:54,(anonymous_8)
FN:86,(anonymous_9)
FN:94,(anonymous_10)
FN:19,(anonymous_11)
FNF:6
FNH:6
FNDA:14,(anonymous_6)
FNDA:3,(anonymous_7)
FNDA:11,(anonymous_8)
FNDA:3,(anonymous_9)
FNDA:24,(anonymous_10)
FNDA:1,(anonymous_11)
DA:6,1
DA:8,1
DA:9,1
DA:10,1
DA:11,1
DA:12,1
DA:13,1
DA:14,1
DA:15,1
DA:18,1
DA:20,1
DA:21,1
DA:22,1
DA:29,14
DA:31,14
DA:32,14
DA:34,14
DA:35,3
DA:36,3
DA:39,3
DA:46,11
DA:53,10
DA:54,11
DA:75,10
DA:77,10
DA:79,4
DA:87,3
DA:88,3
DA:89,3
DA:91,3
DA:93,3
DA:94,24
DA:113,0
LF:33
LH:32
BRDA:34,0,0,3
BRDA:34,0,1,11
BRDA:36,1,0,3
BRDA:36,1,1,0
BRDA:63,2,0,3
BRDA:63,2,1,7
BRDA:67,3,0,10
BRDA:67,3,1,0
BRDA:75,4,0,7
BRDA:75,4,1,3
BRDA:88,5,0,3
BRDA:88,5,1,2
BRDA:89,6,0,3
BRDA:89,6,1,3
BRF:14
BRH:12
end_of_record
TN:
SF:src\interface-adapters\external-clients\SalesSystemAPIClient.ts
FN:33,(anonymous_7)
FN:70,(anonymous_8)
FN:75,(anonymous_9)
FN:95,(anonymous_10)
FN:18,(anonymous_11)
FNF:5
FNH:0
FNDA:0,(anonymous_7)
FNDA:0,(anonymous_8)
FNDA:0,(anonymous_9)
FNDA:0,(anonymous_10)
FNDA:0,(anonymous_11)
DA:6,1
DA:7,1
DA:8,1
DA:10,1
DA:11,1
DA:14,1
DA:15,0
DA:16,0
DA:18,0
DA:19,0
DA:21,0
DA:34,0
DA:35,0
DA:37,0
DA:44,0
DA:46,0
DA:51,0
DA:53,0
DA:55,0
DA:60,0
DA:71,0
DA:72,0
DA:75,0
DA:76,0
DA:96,0
DA:97,0
DA:99,0
DA:100,0
DA:102,0
LF:29
LH:6
BRDA:71,0,0,0
BRDA:71,0,1,0
BRDA:71,1,0,0
BRDA:71,1,1,0
BRDA:79,2,0,0
BRDA:79,2,1,0
BRDA:81,3,0,0
BRDA:81,3,1,0
BRDA:86,4,0,0
BRDA:86,4,1,0
BRDA:96,5,0,0
BRDA:96,5,1,0
BRDA:97,6,0,0
BRDA:97,6,1,0
BRDA:97,6,2,0
BRDA:99,7,0,0
BRDA:99,7,1,0
BRDA:19,8,0,0
BRDA:19,8,1,0
BRF:19
BRH:0
end_of_record
TN:
SF:src\interface-adapters\external-clients\ServiceSystemAPIClient.ts
FN:33,(anonymous_7)
FN:70,(anonymous_8)
FN:75,(anonymous_9)
FN:95,(anonymous_10)
FN:18,(anonymous_11)
FNF:5
FNH:0
FNDA:0,(anonymous_7)
FNDA:0,(anonymous_8)
FNDA:0,(anonymous_9)
FNDA:0,(anonymous_10)
FNDA:0,(anonymous_11)
DA:6,1
DA:7,1
DA:8,1
DA:10,1
DA:11,1
DA:14,1
DA:15,0
DA:16,0
DA:18,0
DA:19,0
DA:21,0
DA:34,0
DA:35,0
DA:37,0
DA:44,0
DA:46,0
DA:51,0
DA:53,0
DA:55,0
DA:60,0
DA:71,0
DA:72,0
DA:75,0
DA:76,0
DA:96,0
DA:97,0
DA:99,0
DA:100,0
DA:102,0
LF:29
LH:6
BRDA:71,0,0,0
BRDA:71,0,1,0
BRDA:71,1,0,0
BRDA:71,1,1,0
BRDA:79,2,0,0
BRDA:79,2,1,0
BRDA:81,3,0,0
BRDA:81,3,1,0
BRDA:86,4,0,0
BRDA:86,4,1,0
BRDA:96,5,0,0
BRDA:96,5,1,0
BRDA:97,6,0,0
BRDA:97,6,1,0
BRDA:97,6,2,0
BRDA:99,7,0,0
BRDA:99,7,1,0
BRDA:19,8,0,0
BRDA:19,8,1,0
BRF:19
BRH:0
end_of_record
TN:
SF:src\interface-adapters\middleware\errorHandler.ts
FN:9,errorHandler
FN:49,notFoundHandler
FNF:2
FNH:2
FNDA:9,errorHandler
FNDA:5,notFoundHandler
DA:7,2
DA:9,6
DA:16,9
DA:24,9
DA:25,7
DA:32,7
DA:36,2
DA:37,2
DA:39,2
DA:49,5
DA:54,5
LF:11
LH:11
BRDA:24,0,0,7
BRDA:24,0,1,2
BRDA:41,1,0,0
BRDA:41,1,1,2
BRF:4
BRH:3
end_of_record
TN:
SF:src\interface-adapters\repositories\SearchHistoryRepository.ts
FN:19,(anonymous_3)
FN:27,(anonymous_4)
FN:30,(anonymous_5)
FN:31,(anonymous_6)
FN:37,(anonymous_7)
FN:42,(anonymous_8)
FN:53,(anonymous_9)
FN:71,(anonymous_10)
FN:78,(anonymous_11)
FNF:9
FNH:9
FNDA:48,(anonymous_3)
FNDA:6,(anonymous_4)
FNDA:7,(anonymous_5)
FNDA:1,(anonymous_6)
FNDA:11,(anonymous_7)
FNDA:44,(anonymous_8)
FNDA:2,(anonymous_9)
FNDA:19,(anonymous_10)
FNDA:8,(anonymous_11)
DA:6,3
DA:10,27
DA:12,22
DA:14,22
DA:20,48
DA:21,48
DA:28,6
DA:29,6
DA:30,7
DA:31,1
DA:41,11
DA:42,44
DA:44,11
DA:45,11
DA:47,11
DA:54,2
DA:55,2
DA:57,2
DA:58,2
DA:59,3
DA:60,0
DA:61,0
DA:65,2
DA:72,19
DA:79,8
LF:25
LH:23
BRDA:37,0,0,5
BRDA:37,1,0,6
BRDA:59,2,0,0
BRDA:59,2,1,3
BRF:4
BRH:3
end_of_record
